[ERROR] - [2013-09-08 22:50:27] - [Mysql] - [Mysql::getFileds] : SHOW COLUMNS FROM `syst_guestbook`
[ERROR] - [2013-09-08 22:50:27] - [Mysql] - [Mysql::find] : SELECT  *  FROM `syst_guestbook` ORDER BY `id` DESC LIMIT 12, 12
[ERROR] - [2013-09-08 22:50:27] - [Mysql] - [Mysql::getRows] : SELECT COUNT(`id`) AS num_rows FROM `syst_guestbook_reply` WHERE `gid`=4
[ERROR] - [2013-09-08 22:50:27] - [Mysql] - [Mysql::getTop] : SELECT * FROM `syst_guestbook_reply` WHERE `gid`=4 ORDER BY `id` DESC LIMIT 0,5
[ERROR] - [2013-09-08 22:50:28] - [Mysql] - [Mysql::getFileds] : SHOW COLUMNS FROM `syst_guestbook`
[ERROR] - [2013-09-08 22:50:28] - [Mysql] - [Mysql::find] : SELECT  *  FROM `syst_guestbook` ORDER BY `id` DESC LIMIT 24, 12
[ERROR] - [2013-09-08 22:50:29] - [Mysql] - [Mysql::getFileds] : SHOW COLUMNS FROM `syst_guestbook`
[ERROR] - [2013-09-08 22:50:29] - [Mysql] - [Mysql::find] : SELECT  *  FROM `syst_guestbook` ORDER BY `id` DESC LIMIT 36, 12
[ERROR] - [2013-09-08 22:50:30] - [Mysql] - [Mysql::getFileds] : SHOW COLUMNS FROM `syst_guestbook`
[ERROR] - [2013-09-08 22:50:30] - [Mysql] - [Mysql::find] : SELECT  *  FROM `syst_guestbook` ORDER BY `id` DESC LIMIT 48, 12
[ERROR] - [2013-09-08 22:50:31] - [Mysql] - [Mysql::getFileds] : SHOW COLUMNS FROM `syst_guestbook`
[ERROR] - [2013-09-08 22:50:31] - [Mysql] - [Mysql::find] : SELECT  *  FROM `syst_guestbook` ORDER BY `id` DESC LIMIT 60, 12
[ERROR] - [2013-09-08 22:50:47] - [Mysql] - [Mysql::getFileds] : SHOW COLUMNS FROM `syst_guestbook`
[ERROR] - [2013-09-08 22:50:47] - [Mysql] - [Mysql::find] : SELECT  *  FROM `syst_guestbook` ORDER BY `id` DESC LIMIT 72, 12
[ERROR] - [2013-09-08 22:50:47] - [Mysql] - [Mysql::getFileds] : SHOW COLUMNS FROM `syst_guestbook`
[ERROR] - [2013-09-08 22:50:47] - [Mysql] - [Mysql::find] : SELECT  *  FROM `syst_guestbook` ORDER BY `id` DESC LIMIT 84, 12
[ERROR] - [2013-09-08 22:50:48] - [Mysql] - [Mysql::getFileds] : SHOW COLUMNS FROM `syst_guestbook`
[ERROR] - [2013-09-08 22:50:48] - [Mysql] - [Mysql::find] : SELECT  *  FROM `syst_guestbook` ORDER BY `id` DESC LIMIT 96, 12
[ERROR] - [2013-09-08 22:51:21] - [Mysql] - [Mysql::getFileds] : SHOW COLUMNS FROM `syst_guestbook`
[ERROR] - [2013-09-08 22:51:21] - [Mysql] - [Mysql::find] : SELECT  *  FROM `syst_guestbook` ORDER BY `id` DESC LIMIT 108, 12
[ERROR] - [2013-09-08 22:58:21] - [Mysql] - [Mysql::getFileds] : SHOW COLUMNS FROM `syst_guestbook`
[ERROR] - [2013-09-08 22:58:21] - [Mysql] - [Mysql::getRows] : SELECT COUNT(`id`) AS num_rows FROM `syst_guestbook`
[ERROR] - [2013-09-08 22:58:21] - [Mysql] - [Mysql::find] : SELECT  *  FROM `syst_guestbook` ORDER BY `id` DESC LIMIT 0, 12
[ERROR] - [2013-09-08 22:58:21] - [Mysql] - [Mysql::getOne] : SELECT * FROM `syst_guestbook_type` WHERE `id`=1
[ERROR] - [2013-09-08 22:58:21] - [Mysql] - [Mysql::getRows] : SELECT COUNT(`id`) AS num_rows FROM `syst_guestbook_reply` WHERE `gid`=39
[ERROR] - [2013-09-08 22:58:21] - [Mysql] - [Mysql::getTop] : SELECT * FROM `syst_guestbook_reply` WHERE `gid`=39 ORDER BY `id` DESC LIMIT 0,5
[ERROR] - [2013-09-08 22:58:21] - [Mysql] - [Mysql::getOne] : SELECT * FROM `syst_guestbook_type` WHERE `id`=1
[ERROR] - [2013-09-08 22:58:21] - [Mysql] - [Mysql::getOne] : SELECT * FROM `syst_guestbook_type` WHERE `id`=1
[ERROR] - [2013-09-08 22:58:21] - [Mysql] - [Mysql::getOne] : SELECT * FROM `syst_guestbook_type` WHERE `id`=1
[ERROR] - [2013-09-08 22:58:21] - [Mysql] - [Mysql::getOne] : SELECT * FROM `syst_guestbook_type` WHERE `id`=1
[ERROR] - [2013-09-08 22:58:21] - [Mysql] - [Mysql::getOne] : SELECT * FROM `syst_guestbook_type` WHERE `id`=1
[ERROR] - [2013-09-08 22:58:21] - [Mysql] - [Mysql::getOne] : SELECT * FROM `syst_guestbook_type` WHERE `id`=1
[ERROR] - [2013-09-08 22:58:21] - [Mysql] - [Mysql::getOne] : SELECT * FROM `syst_guestbook_type` WHERE `id`=1
[ERROR] - [2013-09-08 22:58:21] - [Mysql] - [Mysql::getOne] : SELECT * FROM `syst_guestbook_type` WHERE `id`=1
[ERROR] - [2013-09-08 22:58:21] - [Mysql] - [Mysql::getOne] : SELECT * FROM `syst_guestbook_type` WHERE `id`=1
[ERROR] - [2013-09-08 22:58:21] - [Mysql] - [Mysql::getOne] : SELECT * FROM `syst_guestbook_type` WHERE `id`=1
[ERROR] - [2013-09-08 22:58:21] - [Mysql] - [Mysql::getOne] : SELECT * FROM `syst_guestbook_type` WHERE `id`=1
[ERROR] - [2013-09-08 22:58:22] - [Mysql] - [Mysql::getFileds] : SHOW COLUMNS FROM `syst_guestbook`
[ERROR] - [2013-09-08 22:58:22] - [Mysql] - [Mysql::getRows] : SELECT COUNT(`id`) AS num_rows FROM `syst_guestbook`
[ERROR] - [2013-09-08 22:58:22] - [Mysql] - [Mysql::find] : SELECT  *  FROM `syst_guestbook` ORDER BY `id` DESC LIMIT 0, 12
[ERROR] - [2013-09-08 22:58:22] - [Mysql] - [Mysql::getOne] : SELECT * FROM `syst_guestbook_type` WHERE `id`=1
[ERROR] - [2013-09-08 22:58:22] - [Mysql] - [Mysql::getRows] : SELECT COUNT(`id`) AS num_rows FROM `syst_guestbook_reply` WHERE `gid`=39
[ERROR] - [2013-09-08 22:58:22] - [Mysql] - [Mysql::getTop] : SELECT * FROM `syst_guestbook_reply` WHERE `gid`=39 ORDER BY `id` DESC LIMIT 0,5
[ERROR] - [2013-09-08 22:58:22] - [Mysql] - [Mysql::getOne] : SELECT * FROM `syst_guestbook_type` WHERE `id`=1
[ERROR] - [2013-09-08 22:58:22] - [Mysql] - [Mysql::getOne] : SELECT * FROM `syst_guestbook_type` WHERE `id`=1
[ERROR] - [2013-09-08 22:58:22] - [Mysql] - [Mysql::getOne] : SELECT * FROM `syst_guestbook_type` WHERE `id`=1
[ERROR] - [2013-09-08 22:58:22] - [Mysql] - [Mysql::getOne] : SELECT * FROM `syst_guestbook_type` WHERE `id`=1
[ERROR] - [2013-09-08 22:58:22] - [Mysql] - [Mysql::getOne] : SELECT * FROM `syst_guestbook_type` WHERE `id`=1
[ERROR] - [2013-09-08 22:58:22] - [Mysql] - [Mysql::getOne] : SELECT * FROM `syst_guestbook_type` WHERE `id`=1
[ERROR] - [2013-09-08 22:58:22] - [Mysql] - [Mysql::getOne] : SELECT * FROM `syst_guestbook_type` WHERE `id`=1
[ERROR] - [2013-09-08 22:58:22] - [Mysql] - [Mysql::getOne] : SELECT * FROM `syst_guestbook_type` WHERE `id`=1
[ERROR] - [2013-09-08 22:58:22] - [Mysql] - [Mysql::getOne] : SELECT * FROM `syst_guestbook_type` WHERE `id`=1
[ERROR] - [2013-09-08 22:58:22] - [Mysql] - [Mysql::getOne] : SELECT * FROM `syst_guestbook_type` WHERE `id`=1
[ERROR] - [2013-09-08 22:58:22] - [Mysql] - [Mysql::getOne] : SELECT * FROM `syst_guestbook_type` WHERE `id`=1
[ERROR] - [2013-09-08 22:58:25] - [Mysql] - [Mysql::getFileds] : SHOW COLUMNS FROM `syst_guestbook`
[ERROR] - [2013-09-08 22:58:25] - [Mysql] - [Mysql::find] : SELECT  *  FROM `syst_guestbook` ORDER BY `id` DESC LIMIT 12, 12
[ERROR] - [2013-09-08 22:58:25] - [Mysql] - [Mysql::getRows] : SELECT COUNT(`id`) AS num_rows FROM `syst_guestbook_reply` WHERE `gid`=4
[ERROR] - [2013-09-08 22:58:25] - [Mysql] - [Mysql::getTop] : SELECT * FROM `syst_guestbook_reply` WHERE `gid`=4 ORDER BY `id` DESC LIMIT 0,5
[ERROR] - [2013-09-08 22:58:27] - [Mysql] - [Mysql::getFileds] : SHOW COLUMNS FROM `syst_guestbook`
[ERROR] - [2013-09-08 22:58:27] - [Mysql] - [Mysql::find] : SELECT  *  FROM `syst_guestbook` ORDER BY `id` DESC LIMIT 24, 12
[ERROR] - [2013-09-08 22:58:27] - [Mysql] - [Mysql::getFileds] : SHOW COLUMNS FROM `syst_guestbook`
[ERROR] - [2013-09-08 22:58:27] - [Mysql] - [Mysql::find] : SELECT  *  FROM `syst_guestbook` ORDER BY `id` DESC LIMIT 36, 12
